  glew.c
  Buffer.cpp
C:\Users\Soker\Desktop\Docs\Practica 4\plantilla3d\src\Texture.h(5,10): fatal error C1083: Cannot open include file: 'glm.hpp': No such file or directory
  Camera.cpp
C:\Users\Soker\Desktop\Docs\Practica 4\plantilla3d\src\Entity.h(3,10): fatal error C1083: Cannot open include file: 'glm.hpp': No such file or directory
  Entity.cpp
C:\Users\Soker\Desktop\Docs\Practica 4\plantilla3d\src\Entity.h(3,10): fatal error C1083: Cannot open include file: 'glm.hpp': No such file or directory
  main.cpp
C:\Users\Soker\Desktop\Docs\Practica 4\plantilla3d\src\Texture.h(5,10): fatal error C1083: Cannot open include file: 'glm.hpp': No such file or directory
  Material.cpp
C:\Users\Soker\Desktop\Docs\Practica 4\plantilla3d\src\Texture.h(5,10): fatal error C1083: Cannot open include file: 'glm.hpp': No such file or directory
  Mesh.cpp
C:\Users\Soker\Desktop\Docs\Practica 4\plantilla3d\src\Texture.h(5,10): fatal error C1083: Cannot open include file: 'glm.hpp': No such file or directory
  Model.cpp
C:\Users\Soker\Desktop\Docs\Practica 4\plantilla3d\src\Texture.h(5,10): fatal error C1083: Cannot open include file: 'glm.hpp': No such file or directory
  Shader.cpp
C:\Users\Soker\Desktop\Docs\Practica 4\plantilla3d\src\Vertex.h(2,10): fatal error C1083: Cannot open include file: 'glm.hpp': No such file or directory
  Texture.cpp
C:\Users\Soker\Desktop\Docs\Practica 4\plantilla3d\src\Texture.h(5,10): fatal error C1083: Cannot open include file: 'glm.hpp': No such file or directory
  World.cpp
C:\Users\Soker\Desktop\Docs\Practica 4\plantilla3d\src\Entity.h(3,10): fatal error C1083: Cannot open include file: 'glm.hpp': No such file or directory
  Generating Code...
